# project  configured on Sat Jan 16 13:13:57 2016 by
# waf 1.7.11 (abi 98, python 2070af0 on darwin)
# using /Users/johannes/Library/Application Support/Pebble SDK/SDKs/current/sdk-core/pebble/waf configure
#
----------------------------------------
Setting top to
/Users/johannes/pebble-dev/locale_framework
----------------------------------------
Setting out to
/Users/johannes/pebble-dev/locale_framework/build
----------------------------------------
Found Pebble SDK for basalt in:
/Users/johannes/Library/Application Support/Pebble SDK/SDKs/current/sdk-core/pebble/basalt
----------------------------------------
Checking for program gcc,cc
arm-none-eabi-gcc
find program=['gcc', 'cc'] paths='' var='CC' -> 'arm-none-eabi-gcc'
----------------------------------------
Checking for program ar
arm-none-eabi-gcc-ar
find program=['ar'] paths='' var='AR' -> 'arm-none-eabi-gcc-ar'
----------------------------------------
Found Pebble SDK for aplite in:
/Users/johannes/Library/Application Support/Pebble SDK/SDKs/current/sdk-core/pebble/aplite
----------------------------------------
Checking for program gcc,cc
arm-none-eabi-gcc
find program=['gcc', 'cc'] paths='' var='CC' -> 'arm-none-eabi-gcc'
----------------------------------------
Checking for program ar
arm-none-eabi-gcc-ar
find program=['ar'] paths='' var='AR' -> 'arm-none-eabi-gcc-ar'
